family_monitor/android/app/build/intermediates/manifest_merge_blame_file/debug/processDebugMainManifest/manifest-merger-blame-debug-report.txt
1<?xml version="1.0" encoding="utf-8"?>
2<manifest xmlns:android="http://schemas.android.com/apk/res/android"
3    package="com.example.family_monitor"
4    android:versionCode="1"
5    android:versionName="1.0.0" >
6
7    <uses-sdk
8        android:minSdkVersion="24"
9        android:targetSdkVersion="36" />
10    <!--
11         The INTERNET permission is required for development. Specifically,
12         the Flutter tool needs it to communicate with the running application
13         to allow setting breakpoints, to provide hot reload, etc.
14    -->
15    <uses-permission android:name="android.permission.INTERNET" />
15-->src/debug/AndroidManifest.xml:6:5-66
15-->src/debug/AndroidManifest.xml:6:22-64
16    <!--
17     Required to query activities that can process text, see:
18         https://developer.android.com/training/package-visibility and
19         https://developer.android.com/reference/android/content/Intent#ACTION_PROCESS_TEXT.
20
21         In particular, this is used by the Flutter engine in io.flutter.plugin.text.ProcessTextPlugin.
22    -->
23    <queries>
23-->src/main/AndroidManifest.xml:39:5-44:15
24        <intent>
24-->src/main/AndroidManifest.xml:40:9-43:18
25            <action android:name="android.intent.action.PROCESS_TEXT" />
25-->src/main/AndroidManifest.xml:41:13-72
25-->src/main/AndroidManifest.xml:41:21-70
26
27            <data android:mimeType="text/plain" />
27-->src/main/AndroidManifest.xml:42:13-50
27-->src/main/AndroidManifest.xml:42:19-48
28        </intent>
29    </queries>
30
31    <uses-feature android:name="android.hardware.camera.any" />
31-->[:camera_android_camerax] AndroidManifest.xml:7:5-64
31-->[:camera_android_camerax] AndroidManifest.xml:7:19-61
32
33    <uses-permission android:name="android.permission.CAMERA" />
33-->[:camera_android_camerax] AndroidManifest.xml:9:5-65
33-->[:camera_android_camerax] AndroidManifest.xml:9:22-62
34    <uses-permission android:name="android.permission.RECORD_AUDIO" />
34-->[:camera_android_camerax] AndroidManifest.xml:10:5-71
34-->[:camera_android_camerax] AndroidManifest.xml:10:22-68
35    <uses-permission
35-->[:camera_android_camerax] AndroidManifest.xml:11:5-13:38
36        android:name="android.permission.WRITE_EXTERNAL_STORAGE"
36-->[:camera_android_camerax] AndroidManifest.xml:12:9-65
37        android:maxSdkVersion="28" />
37-->[:camera_android_camerax] AndroidManifest.xml:13:9-35
38    <uses-permission android:name="android.permission.READ_EXTERNAL_STORAGE" />
39    <uses-permission android:name="android.permission.FOREGROUND_SERVICE" />
39-->[:flutter_foreground_task] AndroidManifest.xml:7:5-77
39-->[:flutter_foreground_task] AndroidManifest.xml:7:22-74
40    <uses-permission android:name="android.permission.WAKE_LOCK" />
40-->[:flutter_foreground_task] AndroidManifest.xml:8:5-68
40-->[:flutter_foreground_task] AndroidManifest.xml:8:22-65
41    <uses-permission android:name="android.permission.RECEIVE_BOOT_COMPLETED" />
41-->[:flutter_foreground_task] AndroidManifest.xml:9:5-81
41-->[:flutter_foreground_task] AndroidManifest.xml:9:22-78
42    <uses-permission android:name="android.permission.POST_NOTIFICATIONS" />
42-->[:flutter_foreground_task] AndroidManifest.xml:10:5-77
42-->[:flutter_foreground_task] AndroidManifest.xml:10:22-74
43
44    <uses-feature
44-->[:mobile_scanner] AndroidManifest.xml:9:5-11:36
45        android:name="android.hardware.camera"
45-->[:mobile_scanner] AndroidManifest.xml:10:9-47
46        android:required="false" />
46-->[:mobile_scanner] AndroidManifest.xml:11:9-33
47
48    <uses-permission android:name="android.permission.READ_CALL_LOG" />
48-->[:call_log] AndroidManifest.xml:7:5-72
48-->[:call_log] AndroidManifest.xml:7:22-69
49    <uses-permission android:name="android.permission.WRITE_CALL_LOG" />
49-->[:call_log] AndroidManifest.xml:8:5-73
49-->[:call_log] AndroidManifest.xml:8:22-70
50    <uses-permission android:name="android.permission.READ_PHONE_STATE" />
50-->[:call_log] AndroidManifest.xml:9:5-75
50-->[:call_log] AndroidManifest.xml:9:22-72
51    <uses-permission android:name="android.permission.READ_PHONE_NUMBERS" />
51-->[:call_log] AndroidManifest.xml:10:5-77
51-->[:call_log] AndroidManifest.xml:10:22-74
52    <uses-permission android:name="android.permission.ACCESS_NETWORK_STATE" />
52-->[:connectivity_plus] AndroidManifest.xml:7:5-79
52-->[:connectivity_plus] AndroidManifest.xml:7:22-76
53    <uses-permission android:name="com.google.android.providers.gsf.permission.READ_GSERVICES" />
53-->[com.google.android.recaptcha:recaptcha:18.6.1] AndroidManifest.xml:9:5-98
53-->[com.google.android.recaptcha:recaptcha:18.6.1] AndroidManifest.xml:9:22-95
54
55    <permission
55-->[androidx.core:core:1.18.0] AndroidManifest.xml:22:5-24:47
56        android:name="com.example.family_monitor.DYNAMIC_RECEIVER_NOT_EXPORTED_PERMISSION"
56-->[androidx.core:core:1.18.0] AndroidManifest.xml:23:9-81
57        android:protectionLevel="signature" />
57-->[androidx.core:core:1.18.0] AndroidManifest.xml:24:9-44
58
59    <uses-permission android:name="com.example.family_monitor.DYNAMIC_RECEIVER_NOT_EXPORTED_PERMISSION" />
59-->[androidx.core:core:1.18.0] AndroidManifest.xml:26:5-97
59-->[androidx.core:core:1.18.0] AndroidManifest.xml:26:22-94
60
61    <application
62        android:name="android.app.Application"
63        android:appComponentFactory="androidx.core.app.CoreComponentFactory"
63-->[androidx.core:core:1.18.0] AndroidManifest.xml:28:18-86
64        android:debuggable="true"
65        android:extractNativeLibs="false"
66        android:icon="@mipmap/ic_launcher"
67        android:label="family_monitor" >
68        <activity
69            android:name="android.MainActivity"
70            android:configChanges="orientation|keyboardHidden|keyboard|screenSize|smallestScreenSize|locale|layoutDirection|fontScale|screenLayout|density|uiMode"
71            android:exported="true"
72            android:hardwareAccelerated="true"
73            android:launchMode="singleTop"
74            android:taskAffinity=""
75            android:theme="@style/LaunchTheme"
76            android:windowSoftInputMode="adjustResize" >
77
78            <!--
79                 Specifies an Android theme to apply to this Activity as soon as
80                 the Android process has started. This theme is visible to the user
81                 while the Flutter UI initializes. After that, this theme continues
82                 to determine the Window background behind the Flutter UI.
83            -->
84            <meta-data
85                android:name="io.flutter.embedding.android.NormalTheme"
86                android:resource="@style/NormalTheme" />
87
88            <intent-filter>
89                <action android:name="android.intent.action.MAIN" />
90
91                <category android:name="android.intent.category.LAUNCHER" />
92            </intent-filter>
93        </activity>
94        <!--
95             Don't delete the meta-data below.
96             This is used by the Flutter tool to generate GeneratedPluginRegistrant.java
97        -->
98        <meta-data
99            android:name="flutterEmbedding"
100            android:value="2" />
101
102        <service
102-->[:firebase_database] AndroidManifest.xml:8:9-12:19
103            android:name="com.google.firebase.components.ComponentDiscoveryService"
103-->[:firebase_database] AndroidManifest.xml:8:18-89
104            android:directBootAware="true"
104-->[com.google.firebase:firebase-common:22.0.1] AndroidManifest.xml:32:13-43
105            android:exported="false" >
105-->[com.google.firebase:firebase-auth:24.0.1] AndroidManifest.xml:68:13-37
106            <meta-data
106-->[:firebase_database] AndroidManifest.xml:9:13-11:85
107                android:name="com.google.firebase.components:io.flutter.plugins.firebase.database.FlutterFirebaseAppRegistrar"
107-->[:firebase_database] AndroidManifest.xml:10:17-127
108                android:value="com.google.firebase.components.ComponentRegistrar" />
108-->[:firebase_database] AndroidManifest.xml:11:17-82
109            <meta-data
109-->[:firebase_storage] AndroidManifest.xml:9:13-11:85
110                android:name="com.google.firebase.components:io.flutter.plugins.firebase.storage.FlutterFirebaseAppRegistrar"
110-->[:firebase_storage] AndroidManifest.xml:10:17-126
111                android:value="com.google.firebase.components.ComponentRegistrar" />
111-->[:firebase_storage] AndroidManifest.xml:11:17-82
112            <meta-data
112-->[:firebase_auth] AndroidManifest.xml:9:13-11:85
113                android:name="com.google.firebase.components:io.flutter.plugins.firebase.auth.FlutterFirebaseAuthRegistrar"
113-->[:firebase_auth] AndroidManifest.xml:10:17-124
114                android:value="com.google.firebase.components.ComponentRegistrar" />
114-->[:firebase_auth] AndroidManifest.xml:11:17-82
115            <meta-data
115-->[:firebase_core] AndroidManifest.xml:9:13-11:85
116                android:name="com.google.firebase.components:io.flutter.plugins.firebase.core.FlutterFirebaseCoreRegistrar"
116-->[:firebase_core] AndroidManifest.xml:10:17-124
117                android:value="com.google.firebase.components.ComponentRegistrar" />
117-->[:firebase_core] AndroidManifest.xml:11:17-82
118            <meta-data
118-->[com.google.firebase:firebase-auth:24.0.1] AndroidManifest.xml:69:13-71:85
119                android:name="com.google.firebase.components:com.google.firebase.auth.FirebaseAuthRegistrar"
119-->[com.google.firebase:firebase-auth:24.0.1] AndroidManifest.xml:70:17-109
120                android:value="com.google.firebase.components.ComponentRegistrar" />
120-->[com.google.firebase:firebase-auth:24.0.1] AndroidManifest.xml:71:17-82
121            <meta-data
121-->[com.google.firebase:firebase-database:22.0.1] AndroidManifest.xml:29:13-31:85
122                android:name="com.google.firebase.components:com.google.firebase.database.FirebaseDatabaseKtxRegistrar"
122-->[com.google.firebase:firebase-database:22.0.1] AndroidManifest.xml:30:17-120
123                android:value="com.google.firebase.components.ComponentRegistrar" />
123-->[com.google.firebase:firebase-database:22.0.1] AndroidManifest.xml:31:17-82
124            <meta-data
124-->[com.google.firebase:firebase-database:22.0.1] AndroidManifest.xml:32:13-34:85
125                android:name="com.google.firebase.components:com.google.firebase.database.DatabaseRegistrar"
125-->[com.google.firebase:firebase-database:22.0.1] AndroidManifest.xml:33:17-109
126                android:value="com.google.firebase.components.ComponentRegistrar" />
126-->[com.google.firebase:firebase-database:22.0.1] AndroidManifest.xml:34:17-82
127            <meta-data
127-->[com.google.firebase:firebase-storage:22.0.1] AndroidManifest.xml:30:13-32:85
128                android:name="com.google.firebase.components:com.google.firebase.storage.FirebaseStorageKtxRegistrar"
128-->[com.google.firebase:firebase-storage:22.0.1] AndroidManifest.xml:31:17-118
129                android:value="com.google.firebase.components.ComponentRegistrar" />
129-->[com.google.firebase:firebase-storage:22.0.1] AndroidManifest.xml:32:17-82
130            <meta-data
130-->[com.google.firebase:firebase-storage:22.0.1] AndroidManifest.xml:33:13-35:85
131                android:name="com.google.firebase.components:com.google.firebase.storage.StorageRegistrar"
131-->[com.google.firebase:firebase-storage:22.0.1] AndroidManifest.xml:34:17-107
132                android:value="com.google.firebase.components.ComponentRegistrar" />
132-->[com.google.firebase:firebase-storage:22.0.1] AndroidManifest.xml:35:17-82
133            <meta-data
133-->[com.google.firebase:firebase-appcheck:19.0.2] AndroidManifest.xml:25:13-27:85
134                android:name="com.google.firebase.components:com.google.firebase.appcheck.FirebaseAppCheckKtxRegistrar"
134-->[com.google.firebase:firebase-appcheck:19.0.2] AndroidManifest.xml:26:17-120
135                android:value="com.google.firebase.components.ComponentRegistrar" />
135-->[com.google.firebase:firebase-appcheck:19.0.2] AndroidManifest.xml:27:17-82
136            <meta-data
136-->[com.google.firebase:firebase-appcheck:19.0.2] AndroidManifest.xml:28:13-30:85
137                android:name="com.google.firebase.components:com.google.firebase.appcheck.FirebaseAppCheckRegistrar"
137-->[com.google.firebase:firebase-appcheck:19.0.2] AndroidManifest.xml:29:17-117
138                android:value="com.google.firebase.components.ComponentRegistrar" />
138-->[com.google.firebase:firebase-appcheck:19.0.2] AndroidManifest.xml:30:17-82
139            <meta-data
139-->[com.google.firebase:firebase-common:22.0.1] AndroidManifest.xml:35:13-37:85
140                android:name="com.google.firebase.components:com.google.firebase.FirebaseCommonKtxRegistrar"
140-->[com.google.firebase:firebase-common:22.0.1] AndroidManifest.xml:36:17-109
141                android:value="com.google.firebase.components.ComponentRegistrar" />
141-->[com.google.firebase:firebase-common:22.0.1] AndroidManifest.xml:37:17-82
142        </service>
143
144        <receiver
144-->[:flutter_foreground_task] AndroidManifest.xml:13:9-20:20
145            android:name="com.pravera.flutter_foreground_task.service.BootReceiver"
145-->[:flutter_foreground_task] AndroidManifest.xml:14:13-84
146            android:enabled="true"
146-->[:flutter_foreground_task] AndroidManifest.xml:15:13-35
147            android:exported="true" >
147-->[:flutter_foreground_task] AndroidManifest.xml:16:13-36
148            <intent-filter>
148-->[:flutter_foreground_task] AndroidManifest.xml:17:13-19:29
149                <action android:name="android.intent.action.BOOT_COMPLETED" />
149-->[:flutter_foreground_task] AndroidManifest.xml:18:17-79
149-->[:flutter_foreground_task] AndroidManifest.xml:18:25-76
150            </intent-filter>
151        </receiver>
152        <receiver
152-->[:flutter_foreground_task] AndroidManifest.xml:21:9-24:40
153            android:name="com.pravera.flutter_foreground_task.service.RestartReceiver"
153-->[:flutter_foreground_task] AndroidManifest.xml:22:13-87
154            android:enabled="true"
154-->[:flutter_foreground_task] AndroidManifest.xml:23:13-35
155            android:exported="false" />
155-->[:flutter_foreground_task] AndroidManifest.xml:24:13-37
156
157        <service
157-->[androidx.camera:camera-camera2:1.6.0] AndroidManifest.xml:24:9-33:19
158            android:name="androidx.camera.core.impl.MetadataHolderService"
158-->[androidx.camera:camera-camera2:1.6.0] AndroidManifest.xml:25:13-75
159            android:enabled="false"
159-->[androidx.camera:camera-camera2:1.6.0] AndroidManifest.xml:26:13-36
160            android:exported="false" >
160-->[androidx.camera:camera-camera2:1.6.0] AndroidManifest.xml:27:13-37
161            <meta-data
161-->[androidx.camera:camera-camera2:1.6.0] AndroidManifest.xml:30:13-32:89
162                android:name="androidx.camera.core.impl.MetadataHolderService.DEFAULT_CONFIG_PROVIDER"
162-->[androidx.camera:camera-camera2:1.6.0] AndroidManifest.xml:31:17-103
163                android:value="androidx.camera.camera2.Camera2Config$DefaultProvider" />
163-->[androidx.camera:camera-camera2:1.6.0] AndroidManifest.xml:32:17-86
164        </service>
165        <service
165-->[:geolocator_android] AndroidManifest.xml:8:9-12:56
166            android:name="com.baseflow.geolocator.GeolocatorLocationService"
166-->[:geolocator_android] AndroidManifest.xml:9:13-77
167            android:enabled="true"
167-->[:geolocator_android] AndroidManifest.xml:10:13-35
168            android:exported="false"
168-->[:geolocator_android] AndroidManifest.xml:11:13-37
169            android:foregroundServiceType="location" />
169-->[:geolocator_android] AndroidManifest.xml:12:13-53
170
171        <uses-library
171-->[androidx.window:window:1.2.0] AndroidManifest.xml:23:9-25:40
172            android:name="androidx.window.extensions"
172-->[androidx.window:window:1.2.0] AndroidManifest.xml:24:13-54
173            android:required="false" />
173-->[androidx.window:window:1.2.0] AndroidManifest.xml:25:13-37
174        <uses-library
174-->[androidx.window:window:1.2.0] AndroidManifest.xml:26:9-28:40
175            android:name="androidx.window.sidecar"
175-->[androidx.window:window:1.2.0] AndroidManifest.xml:27:13-51
176            android:required="false" />
176-->[androidx.window:window:1.2.0] AndroidManifest.xml:28:13-37
177
178        <service
178-->[com.google.android.gms:play-services-mlkit-barcode-scanning:18.3.1] AndroidManifest.xml:9:9-15:19
179            android:name="com.google.mlkit.common.internal.MlKitComponentDiscoveryService"
179-->[com.google.android.gms:play-services-mlkit-barcode-scanning:18.3.1] AndroidManifest.xml:10:13-91
180            android:directBootAware="true"
180-->[com.google.mlkit:common:18.11.0] AndroidManifest.xml:17:13-43
181            android:exported="false" >
181-->[com.google.android.gms:play-services-mlkit-barcode-scanning:18.3.1] AndroidManifest.xml:11:13-37
182            <meta-data
182-->[com.google.android.gms:play-services-mlkit-barcode-scanning:18.3.1] AndroidManifest.xml:12:13-14:85
183                android:name="com.google.firebase.components:com.google.mlkit.vision.barcode.internal.BarcodeRegistrar"
183-->[com.google.android.gms:play-services-mlkit-barcode-scanning:18.3.1] AndroidManifest.xml:13:17-120
184                android:value="com.google.firebase.components.ComponentRegistrar" />
184-->[com.google.android.gms:play-services-mlkit-barcode-scanning:18.3.1] AndroidManifest.xml:14:17-82
185            <meta-data
185-->[com.google.mlkit:vision-common:17.3.0] AndroidManifest.xml:12:13-14:85
186                android:name="com.google.firebase.components:com.google.mlkit.vision.common.internal.VisionCommonRegistrar"
186-->[com.google.mlkit:vision-common:17.3.0] AndroidManifest.xml:13:17-124
187                android:value="com.google.firebase.components.ComponentRegistrar" />
187-->[com.google.mlkit:vision-common:17.3.0] AndroidManifest.xml:14:17-82
188            <meta-data
188-->[com.google.mlkit:common:18.11.0] AndroidManifest.xml:20:13-22:85
189                android:name="com.google.firebase.components:com.google.mlkit.common.internal.CommonComponentRegistrar"
189-->[com.google.mlkit:common:18.11.0] AndroidManifest.xml:21:17-120
190                android:value="com.google.firebase.components.ComponentRegistrar" />
190-->[com.google.mlkit:common:18.11.0] AndroidManifest.xml:22:17-82
191        </service>
192
193        <provider
193-->[com.google.mlkit:common:18.11.0] AndroidManifest.xml:9:9-13:38
194            android:name="com.google.mlkit.common.internal.MlKitInitProvider"
194-->[com.google.mlkit:common:18.11.0] AndroidManifest.xml:10:13-78
195            android:authorities="com.example.family_monitor.mlkitinitprovider"
195-->[com.google.mlkit:common:18.11.0] AndroidManifest.xml:11:13-69
196            android:exported="false"
196-->[com.google.mlkit:common:18.11.0] AndroidManifest.xml:12:13-37
197            android:initOrder="99" />
197-->[com.google.mlkit:common:18.11.0] AndroidManifest.xml:13:13-35
198
199        <activity
199-->[com.google.firebase:firebase-auth:24.0.1] AndroidManifest.xml:29:9-46:20
200            android:name="com.google.firebase.auth.internal.GenericIdpActivity"
200-->[com.google.firebase:firebase-auth:24.0.1] AndroidManifest.xml:30:13-80
201            android:excludeFromRecents="true"
201-->[com.google.firebase:firebase-auth:24.0.1] AndroidManifest.xml:31:13-46
202            android:exported="true"
202-->[com.google.firebase:firebase-auth:24.0.1] AndroidManifest.xml:32:13-36
203            android:launchMode="singleTask"
203-->[com.google.firebase:firebase-auth:24.0.1] AndroidManifest.xml:33:13-44
204            android:theme="@android:style/Theme.Translucent.NoTitleBar" >
204-->[com.google.firebase:firebase-auth:24.0.1] AndroidManifest.xml:34:13-72
205            <intent-filter>
205-->[com.google.firebase:firebase-auth:24.0.1] AndroidManifest.xml:35:13-45:29
206                <action android:name="android.intent.action.VIEW" />
206-->[com.google.firebase:firebase-auth:24.0.1] AndroidManifest.xml:36:17-69
206-->[com.google.firebase:firebase-auth:24.0.1] AndroidManifest.xml:36:25-66
207
208                <category android:name="android.intent.category.DEFAULT" />
208-->[com.google.firebase:firebase-auth:24.0.1] AndroidManifest.xml:38:17-76
208-->[com.google.firebase:firebase-auth:24.0.1] AndroidManifest.xml:38:27-73
209                <category android:name="android.intent.category.BROWSABLE" />
209-->[com.google.firebase:firebase-auth:24.0.1] AndroidManifest.xml:39:17-78
209-->[com.google.firebase:firebase-auth:24.0.1] AndroidManifest.xml:39:27-75
210
211                <data
211-->src/main/AndroidManifest.xml:42:13-50
212                    android:host="firebase.auth"
213                    android:path="/"
214                    android:scheme="genericidp" />
215            </intent-filter>
216        </activity>
217        <activity
217-->[com.google.firebase:firebase-auth:24.0.1] AndroidManifest.xml:47:9-64:20
218            android:name="com.google.firebase.auth.internal.RecaptchaActivity"
218-->[com.google.firebase:firebase-auth:24.0.1] AndroidManifest.xml:48:13-79
219            android:excludeFromRecents="true"
219-->[com.google.firebase:firebase-auth:24.0.1] AndroidManifest.xml:49:13-46
220            android:exported="true"
220-->[com.google.firebase:firebase-auth:24.0.1] AndroidManifest.xml:50:13-36
221            android:launchMode="singleTask"
221-->[com.google.firebase:firebase-auth:24.0.1] AndroidManifest.xml:51:13-44
222            android:theme="@android:style/Theme.Translucent.NoTitleBar" >
222-->[com.google.firebase:firebase-auth:24.0.1] AndroidManifest.xml:52:13-72
223            <intent-filter>
223-->[com.google.firebase:firebase-auth:24.0.1] AndroidManifest.xml:53:13-63:29
224                <action android:name="android.intent.action.VIEW" />
224-->[com.google.firebase:firebase-auth:24.0.1] AndroidManifest.xml:36:17-69
224-->[com.google.firebase:firebase-auth:24.0.1] AndroidManifest.xml:36:25-66
225
226                <category android:name="android.intent.category.DEFAULT" />
226-->[com.google.firebase:firebase-auth:24.0.1] AndroidManifest.xml:38:17-76
226-->[com.google.firebase:firebase-auth:24.0.1] AndroidManifest.xml:38:27-73
227                <category android:name="android.intent.category.BROWSABLE" />
227-->[com.google.firebase:firebase-auth:24.0.1] AndroidManifest.xml:39:17-78
227-->[com.google.firebase:firebase-auth:24.0.1] AndroidManifest.xml:39:27-75
228
229                <data
229-->src/main/AndroidManifest.xml:42:13-50
230                    android:host="firebase.auth"
231                    android:path="/"
232                    android:scheme="recaptcha" />
233            </intent-filter>
234        </activity>
235
236        <service
236-->[androidx.credentials:credentials-play-services-auth:1.2.0-rc01] AndroidManifest.xml:24:9-32:19
237            android:name="androidx.credentials.playservices.CredentialProviderMetadataHolder"
237-->[androidx.credentials:credentials-play-services-auth:1.2.0-rc01] AndroidManifest.xml:25:13-94
238            android:enabled="true"
238-->[androidx.credentials:credentials-play-services-auth:1.2.0-rc01] AndroidManifest.xml:26:13-35
239            android:exported="false" >
239-->[androidx.credentials:credentials-play-services-auth:1.2.0-rc01] AndroidManifest.xml:27:13-37
240            <meta-data
240-->[androidx.credentials:credentials-play-services-auth:1.2.0-rc01] AndroidManifest.xml:29:13-31:104
241                android:name="androidx.credentials.CREDENTIAL_PROVIDER_KEY"
241-->[androidx.credentials:credentials-play-services-auth:1.2.0-rc01] AndroidManifest.xml:30:17-76
242                android:value="androidx.credentials.playservices.CredentialProviderPlayServicesImpl" />
242-->[androidx.credentials:credentials-play-services-auth:1.2.0-rc01] AndroidManifest.xml:31:17-101
243        </service>
244
245        <activity
245-->[androidx.credentials:credentials-play-services-auth:1.2.0-rc01] AndroidManifest.xml:34:9-41:20
246            android:name="androidx.credentials.playservices.HiddenActivity"
246-->[androidx.credentials:credentials-play-services-auth:1.2.0-rc01] AndroidManifest.xml:35:13-76
247            android:configChanges="orientation|screenSize|screenLayout|keyboardHidden"
247-->[androidx.credentials:credentials-play-services-auth:1.2.0-rc01] AndroidManifest.xml:36:13-87
248            android:enabled="true"
248-->[androidx.credentials:credentials-play-services-auth:1.2.0-rc01] AndroidManifest.xml:37:13-35
249            android:exported="false"
249-->[androidx.credentials:credentials-play-services-auth:1.2.0-rc01] AndroidManifest.xml:38:13-37
250            android:fitsSystemWindows="true"
250-->[androidx.credentials:credentials-play-services-auth:1.2.0-rc01] AndroidManifest.xml:39:13-45
251            android:theme="@style/Theme.Hidden" >
251-->[androidx.credentials:credentials-play-services-auth:1.2.0-rc01] AndroidManifest.xml:40:13-48
252        </activity>
253        <activity
253-->[com.google.android.gms:play-services-auth:20.7.0] AndroidManifest.xml:23:9-27:75
254            android:name="com.google.android.gms.auth.api.signin.internal.SignInHubActivity"
254-->[com.google.android.gms:play-services-auth:20.7.0] AndroidManifest.xml:24:13-93
255            android:excludeFromRecents="true"
255-->[com.google.android.gms:play-services-auth:20.7.0] AndroidManifest.xml:25:13-46
256            android:exported="false"
256-->[com.google.android.gms:play-services-auth:20.7.0] AndroidManifest.xml:26:13-37
257            android:theme="@android:style/Theme.Translucent.NoTitleBar" />
257-->[com.google.android.gms:play-services-auth:20.7.0] AndroidManifest.xml:27:13-72
258        <!--
259            Service handling Google Sign-In user revocation. For apps that do not integrate with
260            Google Sign-In, this service will never be started.
261        -->
262        <service
262-->[com.google.android.gms:play-services-auth:20.7.0] AndroidManifest.xml:33:9-37:51
263            android:name="com.google.android.gms.auth.api.signin.RevocationBoundService"
263-->[com.google.android.gms:play-services-auth:20.7.0] AndroidManifest.xml:34:13-89
264            android:exported="true"
264-->[com.google.android.gms:play-services-auth:20.7.0] AndroidManifest.xml:35:13-36
265            android:permission="com.google.android.gms.auth.api.signin.permission.REVOCATION_NOTIFICATION"
265-->[com.google.android.gms:play-services-auth:20.7.0] AndroidManifest.xml:36:13-107
266            android:visibleToInstantApps="true" />
266-->[com.google.android.gms:play-services-auth:20.7.0] AndroidManifest.xml:37:13-48
267
268        <activity
268-->[com.google.android.gms:play-services-base:18.9.0] AndroidManifest.xml:20:9-22:45
269            android:name="com.google.android.gms.common.api.GoogleApiActivity"
269-->[com.google.android.gms:play-services-base:18.9.0] AndroidManifest.xml:20:19-85
270            android:exported="false"
270-->[com.google.android.gms:play-services-base:18.9.0] AndroidManifest.xml:22:19-43
271            android:theme="@android:style/Theme.Translucent.NoTitleBar" />
271-->[com.google.android.gms:play-services-base:18.9.0] AndroidManifest.xml:21:19-78
272
273        <provider
273-->[com.google.firebase:firebase-common:22.0.1] AndroidManifest.xml:23:9-28:39
274            android:name="com.google.firebase.provider.FirebaseInitProvider"
274-->[com.google.firebase:firebase-common:22.0.1] AndroidManifest.xml:24:13-77
275            android:authorities="com.example.family_monitor.firebaseinitprovider"
275-->[com.google.firebase:firebase-common:22.0.1] AndroidManifest.xml:25:13-72
276            android:directBootAware="true"
276-->[com.google.firebase:firebase-common:22.0.1] AndroidManifest.xml:26:13-43
277            android:exported="false"
277-->[com.google.firebase:firebase-common:22.0.1] AndroidManifest.xml:27:13-37
278            android:initOrder="100" />
278-->[com.google.firebase:firebase-common:22.0.1] AndroidManifest.xml:28:13-36
279        <provider
279-->[androidx.emoji2:emoji2:1.2.0] AndroidManifest.xml:24:9-32:20
280            android:name="androidx.startup.InitializationProvider"
280-->[androidx.emoji2:emoji2:1.2.0] AndroidManifest.xml:25:13-67
281            android:authorities="com.example.family_monitor.androidx-startup"
281-->[androidx.emoji2:emoji2:1.2.0] AndroidManifest.xml:26:13-68
282            android:exported="false" >
282-->[androidx.emoji2:emoji2:1.2.0] AndroidManifest.xml:27:13-37
283            <meta-data
283-->[androidx.emoji2:emoji2:1.2.0] AndroidManifest.xml:29:13-31:52
284                android:name="androidx.emoji2.text.EmojiCompatInitializer"
284-->[androidx.emoji2:emoji2:1.2.0] AndroidManifest.xml:30:17-75
285                android:value="androidx.startup" />
285-->[androidx.emoji2:emoji2:1.2.0] AndroidManifest.xml:31:17-49
286            <meta-data
286-->[androidx.lifecycle:lifecycle-process:2.7.0] AndroidManifest.xml:29:13-31:52
287                android:name="androidx.lifecycle.ProcessLifecycleInitializer"
287-->[androidx.lifecycle:lifecycle-process:2.7.0] AndroidManifest.xml:30:17-78
288                android:value="androidx.startup" />
288-->[androidx.lifecycle:lifecycle-process:2.7.0] AndroidManifest.xml:31:17-49
289            <meta-data
289-->[androidx.profileinstaller:profileinstaller:1.3.1] AndroidManifest.xml:29:13-31:52
290                android:name="androidx.profileinstaller.ProfileInstallerInitializer"
290-->[androidx.profileinstaller:profileinstaller:1.3.1] AndroidManifest.xml:30:17-85
291                android:value="androidx.startup" />
291-->[androidx.profileinstaller:profileinstaller:1.3.1] AndroidManifest.xml:31:17-49
292        </provider>
293
294        <meta-data